<?xml version="1.0" encoding="UTF-8"?>
<testsuite name="Tests" tests="2" skipped="0" failures="0" errors="0" timestamp="2022-03-12T01:35:55" hostname="DESKTOP-350PQQC" time="0.004">
  <properties/>
  <testcase name="testSolution" classname="Tests" time="0.003"/>
  <testcase name="testReadingDatabase" classname="Tests" time="0.001"/>
  <system-out><![CDATA[]]></system-out>
  <system-err><![CDATA[]]></system-err>
</testsuite>
